[debug] [2021-03-14T06:58:50.170Z] ----------------------------------------------------------------------
[debug] [2021-03-14T06:58:50.176Z] Command:       D:\Downloads\program files\node.exe C:\Users\User\AppData\Roaming\npm\node_modules\firebase-tools\lib\bin\firebase.js init
[debug] [2021-03-14T06:58:50.176Z] CLI Version:   9.6.1
[debug] [2021-03-14T06:58:50.177Z] Platform:      win32
[debug] [2021-03-14T06:58:50.177Z] Node Version:  v12.18.3
[debug] [2021-03-14T06:58:50.180Z] Time:          Sun Mar 14 2021 12:28:50 GMT+0530 (India Standard Time)
[debug] [2021-03-14T06:58:50.180Z] ----------------------------------------------------------------------
[debug] [2021-03-14T06:58:50.180Z] 
[debug] [2021-03-14T06:58:50.205Z] > command requires scopes: ["email","openid","https://www.googleapis.com/auth/cloudplatformprojects.readonly","https://www.googleapis.com/auth/firebase","https://www.googleapis.com/auth/cloud-platform"]
[debug] [2021-03-14T06:58:50.207Z] > authorizing via signed-in user
[info] 
     ######## #### ########  ######## ########     ###     ######  ########
     ##        ##  ##     ## ##       ##     ##  ##   ##  ##       ##
     ######    ##  ########  ######   ########  #########  ######  ######
     ##        ##  ##    ##  ##       ##     ## ##     ##       ## ##
     ##       #### ##     ## ######## ########  ##     ##  ######  ########

You're about to initialize a Firebase project in this directory:

  D:\React js\amazon-clone

[info] 
=== Project Setup
[info] 
[info] First, let's associate this project directory with a Firebase project.
[info] You can create multiple project aliases by running firebase use --add, 
[info] but for now we'll just set up a default project.
[info] 
[debug] [2021-03-14T06:59:25.553Z] >>> [apiv2][query] GET https://firebase.googleapis.com/v1beta1/projects pageSize=100
[debug] [2021-03-14T06:59:27.841Z] <<< [apiv2][status] GET https://firebase.googleapis.com/v1beta1/projects 200
[debug] [2021-03-14T06:59:27.841Z] <<< [apiv2][body] GET https://firebase.googleapis.com/v1beta1/projects [omitted]
[info] i  Using project clone-15367 (amazon-clone) 
[info] 
=== Hosting Setup
[info] 
[info] Your public directory is the folder (relative to your project directory) that
[info] will contain Hosting assets to be uploaded with firebase deploy. If you
[info] have a build process for your assets, use your build's output directory.
[info] 
[debug] [2021-03-14T07:00:31.743Z] >>> [apiv2][query] GET https://www.gstatic.com/firebasejs/releases.json [none]
[debug] [2021-03-14T07:00:32.331Z] <<< [apiv2][status] GET https://www.gstatic.com/firebasejs/releases.json 200
[debug] [2021-03-14T07:00:32.332Z] <<< [apiv2][body] GET https://www.gstatic.com/firebasejs/releases.json {"current":{"version":"8.3.0","browserURL":"https://www.gstatic.com/firebasejs/8.3.0/firebase.js","packageURL":"https://www.gstatic.com/firebasejs/8.3.0/firebase.tgz"},"live":{"version":"8.3","browserURL":"https://www.gstatic.com/firebasejs/live/8.3/firebase.js","packageURL":"https://www.gstatic.com/firebasejs/live/8.3/firebase.tgz"},"components":{"analytics":"https://www.gstatic.com/firebasejs/8.3.0/firebase-analytics.js","app":"https://www.gstatic.com/firebasejs/8.3.0/firebase-app.js","auth":"https://www.gstatic.com/firebasejs/8.3.0/firebase-auth.js","database":"https://www.gstatic.com/firebasejs/8.3.0/firebase-database.js","firestore":"https://www.gstatic.com/firebasejs/8.3.0/firebase-firestore.js","functions":"https://www.gstatic.com/firebasejs/8.3.0/firebase-functions.js","installations":"https://www.gstatic.com/firebasejs/8.3.0/firebase-installations.js","messaging":"https://www.gstatic.com/firebasejs/8.3.0/firebase-messaging.js","storage":"https://www.gstatic.com/firebasejs/8.3.0/firebase-storage.js","performance":"https://www.gstatic.com/firebasejs/8.3.0/firebase-performance.js","remote-config":"https://www.gstatic.com/firebasejs/8.3.0/firebase-remote-config.js","firestore.memory":"https://www.gstatic.com/firebasejs/8.3.0/firebase-firestore.memory.js"}}
[info] +  Wrote build/index.html 
[info] 
[info] i  Detected a .git folder at D:\React js\amazon-clone 
[info] i  Authorizing with GitHub to upload your service account to a GitHub repository's secrets store. 
[info] 
[info] Visit this URL on this device to log in:
[info] https://github.com/login/oauth/authorize?client_id=89cf50f02ac6aaed3484&state=858898488&redirect_uri=http%3A%2F%2Flocalhost%3A9005&scope=read%3Auser%20repo%20public_repo
[info] 
[info] Waiting for authentication...
[debug] [2021-03-14T07:00:58.922Z] >>> HTTP REQUEST POST https://github.com/login/oauth/access_token  
 {"client_id":"89cf50f02ac6aaed3484","client_secret":"3330d14abc895d9a74d5f17cd7a00711fa2c5bf0","code":"bef21ad2b0dd697ace5d","redirect_uri":"http://localhost:9005","state":"858898488"}
[debug] [2021-03-14T07:01:00.315Z] <<< HTTP RESPONSE 200 {"server":"GitHub.com","date":"Sun, 14 Mar 2021 07:01:00 GMT","content-type":"application/json; charset=utf-8","transfer-encoding":"chunked","vary":"X-PJAX, Accept-Encoding, Accept, X-Requested-With","etag":"W/\"ea496b734abf80190e51434cfb663945\"","cache-control":"max-age=0, private, must-revalidate","strict-transport-security":"max-age=31536000; includeSubdomains; preload","x-frame-options":"deny","x-content-type-options":"nosniff","x-xss-protection":"1; mode=block","referrer-policy":"origin-when-cross-origin, strict-origin-when-cross-origin","expect-ct":"max-age=2592000, report-uri=\"https://api.github.com/_private/browser/errors\"","content-security-policy":"default-src 'none'; base-uri 'self'; block-all-mixed-content; connect-src 'self' uploads.github.com www.githubstatus.com collector.githubapp.com api.github.com github-cloud.s3.amazonaws.com github-production-repository-file-5c1aeb.s3.amazonaws.com github-production-upload-manifest-file-7fdce7.s3.amazonaws.com github-production-user-asset-6210df.s3.amazonaws.com cdn.optimizely.com logx.optimizely.com/v1/events wss://alive.github.com; font-src github.githubassets.com; form-action 'self' github.com gist.github.com; frame-ancestors 'none'; frame-src render.githubusercontent.com; img-src 'self' data: github.githubassets.com identicons.github.com collector.githubapp.com github-cloud.s3.amazonaws.com secured-user-images.githubusercontent.com/ *.githubusercontent.com; manifest-src 'self'; media-src 'none'; script-src github.githubassets.com; style-src 'unsafe-inline' github.githubassets.com; worker-src github.com/socket-worker-6832eced.js gist.github.com/socket-worker-6832eced.js","x-github-request-id":"9564:3FE3:F9B274:1536A97:604DB4AB"}
[debug] [2021-03-14T07:01:00.360Z] >>> [apiv2][query] GET https://api.github.com/user [none]
[debug] [2021-03-14T07:01:01.720Z] <<< [apiv2][status] GET https://api.github.com/user 200
[debug] [2021-03-14T07:01:01.720Z] <<< [apiv2][body] GET https://api.github.com/user {"login":"simsrpt","id":68070491,"node_id":"MDQ6VXNlcjY4MDcwNDkx","avatar_url":"https://avatars.githubusercontent.com/u/68070491?v=4","gravatar_id":"","url":"https://api.github.com/users/simsrpt","html_url":"https://github.com/simsrpt","followers_url":"https://api.github.com/users/simsrpt/followers","following_url":"https://api.github.com/users/simsrpt/following{/other_user}","gists_url":"https://api.github.com/users/simsrpt/gists{/gist_id}","starred_url":"https://api.github.com/users/simsrpt/starred{/owner}{/repo}","subscriptions_url":"https://api.github.com/users/simsrpt/subscriptions","organizations_url":"https://api.github.com/users/simsrpt/orgs","repos_url":"https://api.github.com/users/simsrpt/repos","events_url":"https://api.github.com/users/simsrpt/events{/privacy}","received_events_url":"https://api.github.com/users/simsrpt/received_events","type":"User","site_admin":false,"name":null,"company":null,"blog":"","location":null,"email":null,"hireable":null,"bio":null,"twitter_username":null,"public_repos":6,"public_gists":0,"followers":0,"following":0,"created_at":"2020-07-09T14:49:03Z","updated_at":"2021-03-14T07:00:47Z","private_gists":0,"total_private_repos":0,"owned_private_repos":0,"disk_usage":22034,"collaborators":0,"two_factor_authentication":false,"plan":{"name":"free","space":976562499,"collaborators":0,"private_repos":10000}}
[info] 
[info] +  Success! Logged into GitHub as simsrpt 
[info] 
[debug] [2021-03-14T07:02:22.497Z] >>> [apiv2][query] GET https://api.github.com/repos/Clone-Amazon/actions/secrets/public-key type=owner
[debug] [2021-03-14T07:02:23.748Z] <<< [apiv2][status] GET https://api.github.com/repos/Clone-Amazon/actions/secrets/public-key 404
[debug] [2021-03-14T07:02:23.749Z] <<< [apiv2][body] GET https://api.github.com/repos/Clone-Amazon/actions/secrets/public-key {"message":"Not Found","documentation_url":"https://docs.github.com/rest"}
[debug] [2021-03-14T07:02:50.627Z] >>> [apiv2][query] GET https://api.github.com/repos/simsrpt/Clone-Amazon/actions/secrets/public-key type=owner
[debug] [2021-03-14T07:02:51.957Z] <<< [apiv2][status] GET https://api.github.com/repos/simsrpt/Clone-Amazon/actions/secrets/public-key 200
[debug] [2021-03-14T07:02:51.957Z] <<< [apiv2][body] GET https://api.github.com/repos/simsrpt/Clone-Amazon/actions/secrets/public-key {"key_id":"568250167242549743","key":"K/N65cBiETHrE5IUBZD2FgtLVROeMBNgpjsZBr+FHjs="}
[debug] [2021-03-14T07:02:51.961Z] >>> [apiv2][query] GET https://api.github.com/repos/simsrpt/Clone-Amazon [none]
[debug] [2021-03-14T07:02:53.262Z] <<< [apiv2][status] GET https://api.github.com/repos/simsrpt/Clone-Amazon 200
